生成启动时间为 2017/6/9 20:13:08。
     1>项目“G:\ScArticle\ScArticle\ScArticle.vcxproj”在节点 2 上(Build 个目标)。
     1>ClCompile:
         F:\Microsoft Visual Studio 14.0\VC\bin\x86_amd64\CL.exe /c /Zi /nologo /W3 /WX- /sdl /O2 /Oi /GL /D NDEBUG /D _CONSOLE /D _CRT_SECURE_NO_WARNINGS /D _UNICODE /D UNICODE /Gm- /EHsc /MD /GS /Gy /fp:precise /Zc:wchar_t /Zc:forScope /Zc:inline /Fo"x64\Release\\" /Fd"x64\Release\vc140.pdb" /Gd /TP /errorReport:prompt Test_Generator.cpp
         Test_Generator.cpp
     1>Test_Generator.cpp(18): warning C4267: “初始化”: 从“size_t”转换到“int”，可能丢失数据
     1>Test_Generator.cpp(24): warning C4267: “=”: 从“size_t”转换到“int”，可能丢失数据
       Link:
         F:\Microsoft Visual Studio 14.0\VC\bin\x86_amd64\link.exe /ERRORREPORT:PROMPT /OUT:"G:\ScArticle\x64\Release\ScArticle.exe" /INCREMENTAL:NO /NOLOGO kernel32.lib user32.lib gdi32.lib winspool.lib comdlg32.lib advapi32.lib shell32.lib ole32.lib oleaut32.lib uuid.lib odbc32.lib odbccp32.lib /MANIFEST /MANIFESTUAC:"level='asInvoker' uiAccess='false'" /manifest:embed /Debug /PDB:"G:\ScArticle\x64\Release\ScArticle.pdb" /SUBSYSTEM:CONSOLE /OPT:REF /OPT:ICF /LTCG:incremental /TLBID:1 /DYNAMICBASE /NXCOMPAT /IMPLIB:"G:\ScArticle\x64\Release\ScArticle.lib" /MACHINE:X64 x64\Release\AllAuthorAnalysis_Processor.obj
         x64\Release\AllAuthorAnalysis_Writer.obj
         x64\Release\Coauthor_Reader.obj
         x64\Release\Coauthor_Writer.obj
         x64\Release\Publication_Reader.obj
         x64\Release\Publication_Writer.obj
         x64\Release\Test_Generator.obj
         x64\Release\YearAnalysis_TrieTree.obj
         x64\Release\YearAnalysis_Writer.obj
         正在生成代码
         1 of 692 functions ( 0.1%) were compiled, the rest were copied from previous compilation.
           0 functions were new in current compilation
           0 functions had inline decision re-evaluated but remain unchanged
         已完成代码的生成
         ScArticle.vcxproj -> G:\ScArticle\x64\Release\ScArticle.exe
     1>已完成生成项目“G:\ScArticle\ScArticle\ScArticle.vcxproj”(Build 个目标)的操作。

已成功生成。

已用时间 00:00:02.70
