g:\scarticle\scarticle\x64\release\vc140.pdb
g:\scarticle\scarticle\x64\release\myarticle.obj
g:\scarticle\scarticle\x64\release\writeintofile.obj
g:\scarticle\scarticle\x64\release\publication_writer.obj
g:\scarticle\scarticle\x64\release\publication_reader.obj
g:\scarticle\scarticle\x64\release\jointworker.obj
g:\scarticle\scarticle\x64\release\coauthor_writer.obj
g:\scarticle\scarticle\x64\release\clusteranalysis.obj
g:\scarticle\scarticle\x64\release\coauthor_reader4pub.obj
g:\scarticle\scarticle\x64\release\coauthor_reader.obj
g:\scarticle\x64\release\scarticle.exe
g:\scarticle\x64\release\scarticle.ipdb
g:\scarticle\x64\release\scarticle.iobj
g:\scarticle\x64\release\scarticle.pdb
g:\scarticle\scarticle\x64\release\scarticle.tlog\cl.command.1.tlog
g:\scarticle\scarticle\x64\release\scarticle.tlog\cl.read.1.tlog
g:\scarticle\scarticle\x64\release\scarticle.tlog\cl.write.1.tlog
g:\scarticle\scarticle\x64\release\scarticle.tlog\link.command.1.tlog
g:\scarticle\scarticle\x64\release\scarticle.tlog\link.read.1.tlog
g:\scarticle\scarticle\x64\release\scarticle.tlog\link.write.1.tlog
